<?xml version="1.0" encoding="UTF-8"?>
<testsuite name="ExampleTest" tests="1" skipped="0" failures="0" errors="0" timestamp="2020-01-10T17:01:46" hostname="MKD-NCL-KHOOVIS-MBP.local" time="0.041">
  <properties/>
  <testcase name="foo()" classname="ExampleTest" time="0.041"/>
  <system-out><![CDATA[]]></system-out>
  <system-err><![CDATA[]]></system-err>
</testsuite>
